  [1m[35m (0.1ms)[0m  [1m[34mSELECT "schema_migrations"."version" FROM "schema_migrations" ORDER BY "schema_migrations"."version" ASC[0m
  ↳ bin/rails:9
  [1m[35m (0.1ms)[0m  [1m[34mSELECT "ar_internal_metadata"."value" FROM "ar_internal_metadata" WHERE "ar_internal_metadata"."key" = ?[0m  [["key", "environment"]]
  ↳ bin/rails:9
  [1m[35m (0.0ms)[0m  [1m[34mSELECT "schema_migrations"."version" FROM "schema_migrations" ORDER BY "schema_migrations"."version" ASC[0m
  ↳ bin/rails:9
  [1m[35m (0.0ms)[0m  [1m[34mSELECT "ar_internal_metadata"."value" FROM "ar_internal_metadata" WHERE "ar_internal_metadata"."key" = ?[0m  [["key", "environment"]]
  ↳ bin/rails:9
  [1m[35m (0.0ms)[0m  [1m[34mSELECT "schema_migrations"."version" FROM "schema_migrations" ORDER BY "schema_migrations"."version" ASC[0m
  ↳ bin/rails:9
  [1m[35m (0.0ms)[0m  [1m[34mSELECT "ar_internal_metadata"."value" FROM "ar_internal_metadata" WHERE "ar_internal_metadata"."key" = ?[0m  [["key", "environment"]]
  ↳ bin/rails:9
  [1m[35m (0.1ms)[0m  [1m[34mSELECT sqlite_version(*)[0m
  ↳ bin/rails:9
  [1m[35m (27.9ms)[0m  [1m[35mCREATE TABLE "schema_migrations" ("version" varchar NOT NULL PRIMARY KEY)[0m
  ↳ bin/rails:9
  [1m[35m (19.4ms)[0m  [1m[35mCREATE TABLE "ar_internal_metadata" ("key" varchar NOT NULL PRIMARY KEY, "value" varchar, "created_at" datetime NOT NULL, "updated_at" datetime NOT NULL)[0m
  ↳ bin/rails:9
  [1m[35m (0.1ms)[0m  [1m[34mSELECT "schema_migrations"."version" FROM "schema_migrations" ORDER BY "schema_migrations"."version" ASC[0m
  ↳ bin/rails:9
Migrating to CreateCats (20220204204300)
  [1m[35m (0.1ms)[0m  [1m[36mbegin transaction[0m
  ↳ bin/rails:9
  [1m[35m (0.3ms)[0m  [1m[35mCREATE TABLE "cats" ("id" integer PRIMARY KEY AUTOINCREMENT NOT NULL, "birth_date" date NOT NULL, "color" varchar NOT NULL, "name" varchar NOT NULL, "sex" varchar(1) NOT NULL, "description" text, "created_at" datetime NOT NULL, "updated_at" datetime NOT NULL)[0m
  ↳ db/migrate/20220204204300_create_cats.rb:3
  [1m[36mActiveRecord::SchemaMigration Create (0.2ms)[0m  [1m[32mINSERT INTO "schema_migrations" ("version") VALUES (?)[0m  [["version", "20220204204300"]]
  ↳ bin/rails:9
  [1m[35m (20.7ms)[0m  [1m[36mcommit transaction[0m
  ↳ bin/rails:9
  [1m[36mActiveRecord::InternalMetadata Load (0.1ms)[0m  [1m[34mSELECT  "ar_internal_metadata".* FROM "ar_internal_metadata" WHERE "ar_internal_metadata"."key" = ? LIMIT ?[0m  [["key", "environment"], ["LIMIT", 1]]
  ↳ bin/rails:9
  [1m[35m (0.0ms)[0m  [1m[36mbegin transaction[0m
  ↳ bin/rails:9
  [1m[36mActiveRecord::InternalMetadata Create (0.2ms)[0m  [1m[32mINSERT INTO "ar_internal_metadata" ("key", "value", "created_at", "updated_at") VALUES (?, ?, ?, ?)[0m  [["key", "environment"], ["value", "development"], ["created_at", "2022-02-04 22:29:47.336895"], ["updated_at", "2022-02-04 22:29:47.336895"]]
  ↳ bin/rails:9
  [1m[35m (11.3ms)[0m  [1m[36mcommit transaction[0m
  ↳ bin/rails:9
  [1m[35m (0.1ms)[0m  [1m[34mSELECT "schema_migrations"."version" FROM "schema_migrations" ORDER BY "schema_migrations"."version" ASC[0m
  ↳ bin/rails:9
  [1m[35m (0.1ms)[0m  [1m[34mSELECT "schema_migrations"."version" FROM "schema_migrations" ORDER BY "schema_migrations"."version" ASC[0m
  ↳ bin/rails:9
  [1m[35m (0.1ms)[0m  [1m[34mSELECT "schema_migrations"."version" FROM "schema_migrations" ORDER BY "schema_migrations"."version" ASC[0m
  ↳ bin/rails:9
  [1m[35m (0.1ms)[0m  [1m[34mSELECT "schema_migrations"."version" FROM "schema_migrations" ORDER BY "schema_migrations"."version" ASC[0m
  ↳ bin/rails:9
  [1m[35m (0.0ms)[0m  [1m[36mbegin transaction[0m
  ↳ db/seeds.rb:9
  [1m[36mCat Load (0.2ms)[0m  [1m[34mSELECT "cats".* FROM "cats"[0m
  ↳ db/seeds.rb:11
  [1m[36mCat Create (0.4ms)[0m  [1m[32mINSERT INTO "cats" ("birth_date", "color", "name", "sex", "description", "created_at", "updated_at") VALUES (?, ?, ?, ?, ?, ?, ?)[0m  [["birth_date", 0], ["color", "brown"], ["name", "Jasper"], ["sex", "M"], ["description", "cool cat"], ["created_at", "2022-02-04 23:21:12.088829"], ["updated_at", "2022-02-04 23:21:12.088829"]]
  ↳ db/seeds.rb:21
  [1m[36mCat Create (0.1ms)[0m  [1m[32mINSERT INTO "cats" ("birth_date", "color", "name", "sex", "description", "created_at", "updated_at") VALUES (?, ?, ?, ?, ?, ?, ?)[0m  [["birth_date", 0], ["color", "white"], ["name", "Paulo"], ["sex", "M"], ["description", "actually a goat"], ["created_at", "2022-02-04 23:21:12.090628"], ["updated_at", "2022-02-04 23:21:12.090628"]]
  ↳ db/seeds.rb:22
  [1m[36mCat Create (0.1ms)[0m  [1m[32mINSERT INTO "cats" ("birth_date", "color", "name", "sex", "description", "created_at", "updated_at") VALUES (?, ?, ?, ?, ?, ?, ?)[0m  [["birth_date", 0], ["color", "black"], ["name", "Elmo"], ["sex", "M"], ["description", "from Sesame Street"], ["created_at", "2022-02-04 23:21:12.091233"], ["updated_at", "2022-02-04 23:21:12.091233"]]
  ↳ db/seeds.rb:23
  [1m[36mCat Create (0.1ms)[0m  [1m[32mINSERT INTO "cats" ("birth_date", "color", "name", "sex", "description", "created_at", "updated_at") VALUES (?, ?, ?, ?, ?, ?, ?)[0m  [["birth_date", 0], ["color", "gray"], ["name", "Whiskers"], ["sex", "F"], ["description", "jellicle cats"], ["created_at", "2022-02-04 23:21:12.091836"], ["updated_at", "2022-02-04 23:21:12.091836"]]
  ↳ db/seeds.rb:24
  [1m[36mCat Create (0.1ms)[0m  [1m[32mINSERT INTO "cats" ("birth_date", "color", "name", "sex", "description", "created_at", "updated_at") VALUES (?, ?, ?, ?, ?, ?, ?)[0m  [["birth_date", 0], ["color", "brown"], ["name", "Fritz"], ["sex", "F"], ["description", "rad cat"], ["created_at", "2022-02-04 23:21:12.092928"], ["updated_at", "2022-02-04 23:21:12.092928"]]
  ↳ db/seeds.rb:25
  [1m[36mCat Create (0.1ms)[0m  [1m[32mINSERT INTO "cats" ("birth_date", "color", "name", "sex", "description", "created_at", "updated_at") VALUES (?, ?, ?, ?, ?, ?, ?)[0m  [["birth_date", 0], ["color", "white"], ["name", "Jet"], ["sex", "F"], ["description", "appears on assessments"], ["created_at", "2022-02-04 23:21:12.093477"], ["updated_at", "2022-02-04 23:21:12.093477"]]
  ↳ db/seeds.rb:26
  [1m[35m (11.6ms)[0m  [1m[36mcommit transaction[0m
  ↳ db/seeds.rb:9
Started GET "/cats" for ::1 at 2022-02-04 18:21:56 -0500
  [1m[35m (0.1ms)[0m  [1m[34mSELECT "schema_migrations"."version" FROM "schema_migrations" ORDER BY "schema_migrations"."version" ASC[0m
  ↳ /home/peterkim/.rbenv/versions/2.5.1/lib/ruby/gems/2.5.0/gems/activerecord-5.2.6/lib/active_record/log_subscriber.rb:98
Processing by CatsController#index as */*
Completed 500 Internal Server Error in 20ms (ActiveRecord: 0.0ms)



ActionView::MissingTemplate - Missing template cats/cats, application/cats with {:locale=>[:en], :formats=>[:html, :text, :js, :css, :ics, :csv, :vcf, :vtt, :png, :jpeg, :gif, :bmp, :tiff, :svg, :mpeg, :mp3, :ogg, :m4a, :webm, :mp4, :otf, :ttf, :woff, :woff2, :xml, :rss, :atom, :yaml, :multipart_form, :url_encoded_form, :json, :pdf, :zip, :gzip], :variants=>[], :handlers=>[:raw, :erb, :html, :builder, :ruby, :coffee, :jbuilder]}. Searched in:
  * "/home/peterkim/daily_work/AAClassworkOnline/W6D5/NineNineCats/app/views":
  app/controllers/cats_controller.rb:5:in `index'

Started GET "/cats" for ::1 at 2022-02-04 18:22:54 -0500
Processing by CatsController#index as */*
  [1m[36mCat Load (0.2ms)[0m  [1m[34mSELECT  "cats".* FROM "cats" LIMIT ?[0m  [["LIMIT", 11]]
  ↳ /home/peterkim/.rbenv/versions/2.5.1/lib/ruby/gems/2.5.0/gems/activerecord-5.2.6/lib/active_record/log_subscriber.rb:98
  [1m[36mCACHE Cat Load (0.0ms)[0m  [1m[34mSELECT  "cats".* FROM "cats" LIMIT ?[0m  [["LIMIT", 11]]
  ↳ /home/peterkim/.rbenv/versions/2.5.1/lib/ruby/gems/2.5.0/gems/activerecord-5.2.6/lib/active_record/log_subscriber.rb:98
  [1m[36mCACHE Cat Load (0.0ms)[0m  [1m[34mSELECT  "cats".* FROM "cats" LIMIT ?[0m  [["LIMIT", 11]]
  ↳ /home/peterkim/.rbenv/versions/2.5.1/lib/ruby/gems/2.5.0/gems/activerecord-5.2.6/lib/active_record/log_subscriber.rb:98
  [1m[36mCACHE Cat Load (0.0ms)[0m  [1m[34mSELECT  "cats".* FROM "cats" LIMIT ?[0m  [["LIMIT", 11]]
  ↳ /home/peterkim/.rbenv/versions/2.5.1/lib/ruby/gems/2.5.0/gems/activerecord-5.2.6/lib/active_record/log_subscriber.rb:98
  [1m[36mCACHE Cat Load (0.0ms)[0m  [1m[34mSELECT  "cats".* FROM "cats" LIMIT ?[0m  [["LIMIT", 11]]
  ↳ /home/peterkim/.rbenv/versions/2.5.1/lib/ruby/gems/2.5.0/gems/activerecord-5.2.6/lib/active_record/log_subscriber.rb:98
  [1m[36mCACHE Cat Load (0.0ms)[0m  [1m[34mSELECT  "cats".* FROM "cats" LIMIT ?[0m  [["LIMIT", 11]]
  ↳ /home/peterkim/.rbenv/versions/2.5.1/lib/ruby/gems/2.5.0/gems/activerecord-5.2.6/lib/active_record/log_subscriber.rb:98
  [1m[36mCACHE Cat Load (0.0ms)[0m  [1m[34mSELECT  "cats".* FROM "cats" LIMIT ?[0m  [["LIMIT", 11]]
  ↳ /home/peterkim/.rbenv/versions/2.5.1/lib/ruby/gems/2.5.0/gems/activerecord-5.2.6/lib/active_record/log_subscriber.rb:98
  [1m[36mCACHE Cat Load (0.0ms)[0m  [1m[34mSELECT  "cats".* FROM "cats" LIMIT ?[0m  [["LIMIT", 11]]
  ↳ /home/peterkim/.rbenv/versions/2.5.1/lib/ruby/gems/2.5.0/gems/activerecord-5.2.6/lib/active_record/log_subscriber.rb:98
  [1m[36mCACHE Cat Load (0.0ms)[0m  [1m[34mSELECT  "cats".* FROM "cats" LIMIT ?[0m  [["LIMIT", 11]]
  ↳ /home/peterkim/.rbenv/versions/2.5.1/lib/ruby/gems/2.5.0/gems/activerecord-5.2.6/lib/active_record/log_subscriber.rb:98
  [1m[36mCACHE Cat Load (0.0ms)[0m  [1m[34mSELECT  "cats".* FROM "cats" LIMIT ?[0m  [["LIMIT", 11]]
  ↳ /home/peterkim/.rbenv/versions/2.5.1/lib/ruby/gems/2.5.0/gems/activerecord-5.2.6/lib/active_record/log_subscriber.rb:98
Completed 500 Internal Server Error in 243ms (ActiveRecord: 0.0ms)


  [1m[36mCACHE Cat Load (0.1ms)[0m  [1m[34mSELECT  "cats".* FROM "cats" LIMIT ?[0m  [["LIMIT", 11]]
  ↳ /home/peterkim/.rbenv/versions/2.5.1/lib/ruby/gems/2.5.0/gems/activerecord-5.2.6/lib/active_record/log_subscriber.rb:98
  [1m[36mCACHE Cat Load (0.0ms)[0m  [1m[34mSELECT  "cats".* FROM "cats" LIMIT ?[0m  [["LIMIT", 11]]
  ↳ /home/peterkim/.rbenv/versions/2.5.1/lib/ruby/gems/2.5.0/gems/activerecord-5.2.6/lib/active_record/log_subscriber.rb:98
  [1m[36mCACHE Cat Load (0.0ms)[0m  [1m[34mSELECT  "cats".* FROM "cats" LIMIT ?[0m  [["LIMIT", 11]]
  ↳ /home/peterkim/.rbenv/versions/2.5.1/lib/ruby/gems/2.5.0/gems/activerecord-5.2.6/lib/active_record/log_subscriber.rb:98
  [1m[36mCACHE Cat Load (0.0ms)[0m  [1m[34mSELECT  "cats".* FROM "cats" LIMIT ?[0m  [["LIMIT", 11]]
  ↳ /home/peterkim/.rbenv/versions/2.5.1/lib/ruby/gems/2.5.0/gems/activerecord-5.2.6/lib/active_record/log_subscriber.rb:98
  [1m[36mCACHE Cat Load (0.0ms)[0m  [1m[34mSELECT  "cats".* FROM "cats" LIMIT ?[0m  [["LIMIT", 11]]
  ↳ /home/peterkim/.rbenv/versions/2.5.1/lib/ruby/gems/2.5.0/gems/activerecord-5.2.6/lib/active_record/log_subscriber.rb:98
  [1m[36mCACHE Cat Load (0.0ms)[0m  [1m[34mSELECT  "cats".* FROM "cats" LIMIT ?[0m  [["LIMIT", 11]]
  ↳ /home/peterkim/.rbenv/versions/2.5.1/lib/ruby/gems/2.5.0/gems/activerecord-5.2.6/lib/active_record/log_subscriber.rb:98
  [1m[36mCACHE Cat Load (0.0ms)[0m  [1m[34mSELECT  "cats".* FROM "cats" LIMIT ?[0m  [["LIMIT", 11]]
  ↳ /home/peterkim/.rbenv/versions/2.5.1/lib/ruby/gems/2.5.0/gems/activerecord-5.2.6/lib/active_record/log_subscriber.rb:98
  [1m[36mCACHE Cat Load (0.0ms)[0m  [1m[34mSELECT  "cats".* FROM "cats" LIMIT ?[0m  [["LIMIT", 11]]
  ↳ /home/peterkim/.rbenv/versions/2.5.1/lib/ruby/gems/2.5.0/gems/activerecord-5.2.6/lib/active_record/log_subscriber.rb:98
  [1m[36mCACHE Cat Load (0.0ms)[0m  [1m[34mSELECT  "cats".* FROM "cats" LIMIT ?[0m  [["LIMIT", 11]]
  ↳ /home/peterkim/.rbenv/versions/2.5.1/lib/ruby/gems/2.5.0/gems/activerecord-5.2.6/lib/active_record/log_subscriber.rb:98
  [1m[36mCACHE Cat Load (0.1ms)[0m  [1m[34mSELECT  "cats".* FROM "cats" LIMIT ?[0m  [["LIMIT", 11]]
  ↳ /home/peterkim/.rbenv/versions/2.5.1/lib/ruby/gems/2.5.0/gems/activerecord-5.2.6/lib/active_record/log_subscriber.rb:98

NameError - undefined local variable or method `cats' for #<CatsController:0x000055999891a730>
Did you mean?  @cats:
  app/controllers/cats_controller.rb:5:in `index'

Started GET "/cats" for ::1 at 2022-02-04 18:28:11 -0500
Processing by CatsController#index as */*
  Rendering cats/index.html.erb within layouts/application
  [1m[36mCat Load (0.2ms)[0m  [1m[34mSELECT "cats".* FROM "cats"[0m
  ↳ app/views/cats/index.html.erb:3
  Rendered cats/index.html.erb within layouts/application (15.2ms)
Completed 500 Internal Server Error in 24ms (ActiveRecord: 0.9ms)



ArgumentError - ':cat' is not an ActiveModel-compatible object. It must implement :to_partial_path.:
  app/views/cats/index.html.erb:5:in `block in _app_views_cats_index_html_erb___693786198514688479_47059089080340'
  app/views/cats/index.html.erb:3:in `_app_views_cats_index_html_erb___693786198514688479_47059089080340'
  app/controllers/cats_controller.rb:5:in `index'

Started GET "/cats" for ::1 at 2022-02-04 18:28:33 -0500
Processing by CatsController#index as */*
  Rendering cats/index.html.erb within layouts/application
  [1m[36mCat Load (0.2ms)[0m  [1m[34mSELECT "cats".* FROM "cats"[0m
  ↳ app/views/cats/index.html.erb:3
  Rendered cats/_cat.html.erb (0.6ms)
  Rendered cats/_cat.html.erb (0.1ms)
  Rendered cats/_cat.html.erb (0.2ms)
  Rendered cats/_cat.html.erb (0.5ms)
  Rendered cats/_cat.html.erb (0.1ms)
  Rendered cats/_cat.html.erb (0.1ms)
  Rendered cats/index.html.erb within layouts/application (33.6ms)
Completed 200 OK in 604ms (Views: 602.6ms | ActiveRecord: 0.2ms)


Started GET "/cats" for ::1 at 2022-02-04 18:30:24 -0500
Processing by CatsController#index as */*
  Rendering cats/index.html.erb within layouts/application
  [1m[36mCat Load (0.1ms)[0m  [1m[34mSELECT "cats".* FROM "cats"[0m
  ↳ app/views/cats/index.html.erb:3
  Rendered cats/_cat.html.erb (0.8ms)
  Rendered cats/_cat.html.erb (0.1ms)
  Rendered cats/_cat.html.erb (0.1ms)
  Rendered cats/_cat.html.erb (0.2ms)
  Rendered cats/_cat.html.erb (0.1ms)
  Rendered cats/_cat.html.erb (0.1ms)
  Rendered cats/index.html.erb within layouts/application (32.1ms)
Completed 200 OK in 50ms (Views: 49.6ms | ActiveRecord: 0.1ms)


Started GET "/cats" for ::1 at 2022-02-04 18:30:47 -0500
Processing by CatsController#index as */*
  Rendering cats/index.html.erb within layouts/application
  [1m[36mCat Load (0.1ms)[0m  [1m[34mSELECT "cats".* FROM "cats"[0m
  ↳ app/views/cats/index.html.erb:3
  Rendered cats/_cat.html.erb (0.5ms)
  Rendered cats/_cat.html.erb (0.1ms)
  Rendered cats/_cat.html.erb (0.1ms)
  Rendered cats/_cat.html.erb (0.1ms)
  Rendered cats/_cat.html.erb (0.1ms)
  Rendered cats/_cat.html.erb (0.1ms)
  Rendered cats/index.html.erb within layouts/application (28.0ms)
Completed 200 OK in 49ms (Views: 48.0ms | ActiveRecord: 0.1ms)


  [1m[35m (0.1ms)[0m  [1m[34mSELECT "schema_migrations"."version" FROM "schema_migrations" ORDER BY "schema_migrations"."version" ASC[0m
  ↳ bin/rails:9
  [1m[35m (0.0ms)[0m  [1m[36mbegin transaction[0m
  ↳ db/seeds.rb:9
  [1m[36mCat Load (0.2ms)[0m  [1m[34mSELECT "cats".* FROM "cats"[0m
  ↳ db/seeds.rb:11
  [1m[36mCat Destroy (0.6ms)[0m  [1m[31mDELETE FROM "cats" WHERE "cats"."id" = ?[0m  [["id", 1]]
  ↳ db/seeds.rb:11
  [1m[36mCat Destroy (0.1ms)[0m  [1m[31mDELETE FROM "cats" WHERE "cats"."id" = ?[0m  [["id", 2]]
  ↳ db/seeds.rb:11
  [1m[36mCat Destroy (0.0ms)[0m  [1m[31mDELETE FROM "cats" WHERE "cats"."id" = ?[0m  [["id", 3]]
  ↳ db/seeds.rb:11
  [1m[36mCat Destroy (0.0ms)[0m  [1m[31mDELETE FROM "cats" WHERE "cats"."id" = ?[0m  [["id", 4]]
  ↳ db/seeds.rb:11
  [1m[36mCat Destroy (0.0ms)[0m  [1m[31mDELETE FROM "cats" WHERE "cats"."id" = ?[0m  [["id", 5]]
  ↳ db/seeds.rb:11
  [1m[36mCat Destroy (0.1ms)[0m  [1m[31mDELETE FROM "cats" WHERE "cats"."id" = ?[0m  [["id", 6]]
  ↳ db/seeds.rb:11
  [1m[35m (0.3ms)[0m  [1m[31mrollback transaction[0m
  ↳ db/seeds.rb:9
  [1m[35m (0.1ms)[0m  [1m[34mSELECT "schema_migrations"."version" FROM "schema_migrations" ORDER BY "schema_migrations"."version" ASC[0m
  ↳ bin/rails:9
  [1m[35m (0.0ms)[0m  [1m[36mbegin transaction[0m
  ↳ db/seeds.rb:9
  [1m[36mCat Load (0.1ms)[0m  [1m[34mSELECT "cats".* FROM "cats"[0m
  ↳ db/seeds.rb:11
  [1m[36mCat Destroy (0.4ms)[0m  [1m[31mDELETE FROM "cats" WHERE "cats"."id" = ?[0m  [["id", 1]]
  ↳ db/seeds.rb:11
  [1m[36mCat Destroy (0.1ms)[0m  [1m[31mDELETE FROM "cats" WHERE "cats"."id" = ?[0m  [["id", 2]]
  ↳ db/seeds.rb:11
  [1m[36mCat Destroy (0.0ms)[0m  [1m[31mDELETE FROM "cats" WHERE "cats"."id" = ?[0m  [["id", 3]]
  ↳ db/seeds.rb:11
  [1m[36mCat Destroy (0.0ms)[0m  [1m[31mDELETE FROM "cats" WHERE "cats"."id" = ?[0m  [["id", 4]]
  ↳ db/seeds.rb:11
  [1m[36mCat Destroy (0.0ms)[0m  [1m[31mDELETE FROM "cats" WHERE "cats"."id" = ?[0m  [["id", 5]]
  ↳ db/seeds.rb:11
  [1m[36mCat Destroy (0.0ms)[0m  [1m[31mDELETE FROM "cats" WHERE "cats"."id" = ?[0m  [["id", 6]]
  ↳ db/seeds.rb:11
  [1m[35m (0.2ms)[0m  [1m[31mrollback transaction[0m
  ↳ db/seeds.rb:9
  [1m[35m (0.3ms)[0m  [1m[34mSELECT "schema_migrations"."version" FROM "schema_migrations" ORDER BY "schema_migrations"."version" ASC[0m
  ↳ bin/rails:9
  [1m[35m (0.2ms)[0m  [1m[34mSELECT "ar_internal_metadata"."value" FROM "ar_internal_metadata" WHERE "ar_internal_metadata"."key" = ?[0m  [["key", "environment"]]
  ↳ bin/rails:9
  [1m[35m (0.0ms)[0m  [1m[34mSELECT "schema_migrations"."version" FROM "schema_migrations" ORDER BY "schema_migrations"."version" ASC[0m
  ↳ bin/rails:9
  [1m[35m (0.0ms)[0m  [1m[34mSELECT "ar_internal_metadata"."value" FROM "ar_internal_metadata" WHERE "ar_internal_metadata"."key" = ?[0m  [["key", "environment"]]
  ↳ bin/rails:9
  [1m[35m (0.0ms)[0m  [1m[34mSELECT "schema_migrations"."version" FROM "schema_migrations" ORDER BY "schema_migrations"."version" ASC[0m
  ↳ bin/rails:9
  [1m[35m (0.0ms)[0m  [1m[34mSELECT "ar_internal_metadata"."value" FROM "ar_internal_metadata" WHERE "ar_internal_metadata"."key" = ?[0m  [["key", "environment"]]
  ↳ bin/rails:9
  [1m[35m (0.1ms)[0m  [1m[34mSELECT sqlite_version(*)[0m
  ↳ bin/rails:9
  [1m[35m (14.5ms)[0m  [1m[35mCREATE TABLE "schema_migrations" ("version" varchar NOT NULL PRIMARY KEY)[0m
  ↳ bin/rails:9
  [1m[35m (17.9ms)[0m  [1m[35mCREATE TABLE "ar_internal_metadata" ("key" varchar NOT NULL PRIMARY KEY, "value" varchar, "created_at" datetime NOT NULL, "updated_at" datetime NOT NULL)[0m
  ↳ bin/rails:9
  [1m[35m (0.1ms)[0m  [1m[34mSELECT "schema_migrations"."version" FROM "schema_migrations" ORDER BY "schema_migrations"."version" ASC[0m
  ↳ bin/rails:9
Migrating to CreateCats (20220204204300)
  [1m[35m (0.0ms)[0m  [1m[36mbegin transaction[0m
  ↳ bin/rails:9
  [1m[35m (0.3ms)[0m  [1m[35mCREATE TABLE "cats" ("id" integer PRIMARY KEY AUTOINCREMENT NOT NULL, "birth_date" date NOT NULL, "color" varchar NOT NULL, "name" varchar NOT NULL, "sex" varchar(1) NOT NULL, "description" text, "created_at" datetime NOT NULL, "updated_at" datetime NOT NULL)[0m
  ↳ db/migrate/20220204204300_create_cats.rb:3
  [1m[36mActiveRecord::SchemaMigration Create (0.2ms)[0m  [1m[32mINSERT INTO "schema_migrations" ("version") VALUES (?)[0m  [["version", "20220204204300"]]
  ↳ bin/rails:9
  [1m[35m (13.8ms)[0m  [1m[36mcommit transaction[0m
  ↳ bin/rails:9
  [1m[36mActiveRecord::InternalMetadata Load (0.2ms)[0m  [1m[34mSELECT  "ar_internal_metadata".* FROM "ar_internal_metadata" WHERE "ar_internal_metadata"."key" = ? LIMIT ?[0m  [["key", "environment"], ["LIMIT", 1]]
  ↳ bin/rails:9
  [1m[35m (0.1ms)[0m  [1m[36mbegin transaction[0m
  ↳ bin/rails:9
  [1m[36mActiveRecord::InternalMetadata Create (0.4ms)[0m  [1m[32mINSERT INTO "ar_internal_metadata" ("key", "value", "created_at", "updated_at") VALUES (?, ?, ?, ?)[0m  [["key", "environment"], ["value", "development"], ["created_at", "2022-02-04 23:34:42.081656"], ["updated_at", "2022-02-04 23:34:42.081656"]]
  ↳ bin/rails:9
  [1m[35m (11.4ms)[0m  [1m[36mcommit transaction[0m
  ↳ bin/rails:9
  [1m[35m (0.2ms)[0m  [1m[34mSELECT "schema_migrations"."version" FROM "schema_migrations" ORDER BY "schema_migrations"."version" ASC[0m
  ↳ bin/rails:9
  [1m[35m (0.1ms)[0m  [1m[34mSELECT "schema_migrations"."version" FROM "schema_migrations" ORDER BY "schema_migrations"."version" ASC[0m
  ↳ bin/rails:9
  [1m[35m (0.0ms)[0m  [1m[36mbegin transaction[0m
  ↳ db/seeds.rb:9
  [1m[36mCat Load (0.1ms)[0m  [1m[34mSELECT "cats".* FROM "cats"[0m
  ↳ db/seeds.rb:11
  [1m[35m (0.1ms)[0m  [1m[31mrollback transaction[0m
  ↳ db/seeds.rb:9
  [1m[35m (0.1ms)[0m  [1m[36mbegin transaction[0m
  [1m[35m (0.1ms)[0m  [1m[31mrollback transaction[0m
  [1m[35m (0.1ms)[0m  [1m[36mbegin transaction[0m
  [1m[35m (0.1ms)[0m  [1m[31mrollback transaction[0m
  [1m[35m (0.1ms)[0m  [1m[34mSELECT "schema_migrations"."version" FROM "schema_migrations" ORDER BY "schema_migrations"."version" ASC[0m
  ↳ bin/rails:9
  [1m[35m (0.0ms)[0m  [1m[36mbegin transaction[0m
  ↳ db/seeds.rb:9
  [1m[36mCat Load (0.1ms)[0m  [1m[34mSELECT "cats".* FROM "cats"[0m
  ↳ db/seeds.rb:11
  [1m[36mCat Create (0.4ms)[0m  [1m[32mINSERT INTO "cats" ("birth_date", "color", "name", "sex", "description", "created_at", "updated_at") VALUES (?, ?, ?, ?, ?, ?, ?)[0m  [["birth_date", 0], ["color", "brown"], ["name", "Jasper"], ["sex", "M"], ["description", "cool cat"], ["created_at", "2022-02-04 23:38:22.869079"], ["updated_at", "2022-02-04 23:38:22.869079"]]
  ↳ db/seeds.rb:21
  [1m[35m (11.2ms)[0m  [1m[36mcommit transaction[0m
  ↳ db/seeds.rb:9
  [1m[35m (0.1ms)[0m  [1m[34mSELECT "schema_migrations"."version" FROM "schema_migrations" ORDER BY "schema_migrations"."version" ASC[0m
  ↳ bin/rails:9
  [1m[35m (0.0ms)[0m  [1m[36mbegin transaction[0m
  ↳ db/seeds.rb:9
  [1m[36mCat Load (0.1ms)[0m  [1m[34mSELECT "cats".* FROM "cats"[0m
  ↳ db/seeds.rb:11
  [1m[36mCat Destroy (0.3ms)[0m  [1m[31mDELETE FROM "cats" WHERE "cats"."id" = ?[0m  [["id", 1]]
  ↳ db/seeds.rb:11
  [1m[36mCat Create (0.2ms)[0m  [1m[32mINSERT INTO "cats" ("birth_date", "color", "name", "sex", "description", "created_at", "updated_at") VALUES (?, ?, ?, ?, ?, ?, ?)[0m  [["birth_date", 0], ["color", "brown"], ["name", "Jasper"], ["sex", "M"], ["description", "cool cat"], ["created_at", "2022-02-04 23:38:38.596243"], ["updated_at", "2022-02-04 23:38:38.596243"]]
  ↳ db/seeds.rb:21
  [1m[35m (16.1ms)[0m  [1m[36mcommit transaction[0m
  ↳ db/seeds.rb:9
  [1m[35m (0.1ms)[0m  [1m[34mSELECT "schema_migrations"."version" FROM "schema_migrations" ORDER BY "schema_migrations"."version" ASC[0m
  ↳ bin/rails:9
  [1m[35m (0.0ms)[0m  [1m[36mbegin transaction[0m
  ↳ db/seeds.rb:9
  [1m[36mCat Load (0.1ms)[0m  [1m[34mSELECT "cats".* FROM "cats"[0m
  ↳ db/seeds.rb:11
  [1m[36mCat Destroy (0.4ms)[0m  [1m[31mDELETE FROM "cats" WHERE "cats"."id" = ?[0m  [["id", 2]]
  ↳ db/seeds.rb:11
  [1m[36mCat Create (0.1ms)[0m  [1m[32mINSERT INTO "cats" ("birth_date", "color", "name", "sex", "description", "created_at", "updated_at") VALUES (?, ?, ?, ?, ?, ?, ?)[0m  [["birth_date", -2024], ["color", "brown"], ["name", "Jasper"], ["sex", "M"], ["description", "cool cat"], ["created_at", "2022-02-04 23:38:57.886741"], ["updated_at", "2022-02-04 23:38:57.886741"]]
  ↳ db/seeds.rb:21
  [1m[35m (18.6ms)[0m  [1m[36mcommit transaction[0m
  ↳ db/seeds.rb:9
  [1m[35m (0.1ms)[0m  [1m[36mbegin transaction[0m
  [1m[36mCat Create (0.6ms)[0m  [1m[32mINSERT INTO "cats" ("birth_date", "color", "name", "sex", "description", "created_at", "updated_at") VALUES (?, ?, ?, ?, ?, ?, ?)[0m  [["birth_date", "2019-10-15"], ["color", "brown"], ["name", "Jasper"], ["sex", "M"], ["description", "please work"], ["created_at", "2022-02-04 23:42:05.971045"], ["updated_at", "2022-02-04 23:42:05.971045"]]
  [1m[35m (11.7ms)[0m  [1m[36mcommit transaction[0m
  [1m[35m (0.1ms)[0m  [1m[34mSELECT "schema_migrations"."version" FROM "schema_migrations" ORDER BY "schema_migrations"."version" ASC[0m
  ↳ bin/rails:9
  [1m[35m (0.0ms)[0m  [1m[36mbegin transaction[0m
  ↳ db/seeds.rb:9
  [1m[36mCat Load (0.1ms)[0m  [1m[34mSELECT "cats".* FROM "cats"[0m
  ↳ db/seeds.rb:11
  [1m[36mCat Destroy (0.4ms)[0m  [1m[31mDELETE FROM "cats" WHERE "cats"."id" = ?[0m  [["id", 3]]
  ↳ db/seeds.rb:11
  [1m[36mCat Destroy (0.1ms)[0m  [1m[31mDELETE FROM "cats" WHERE "cats"."id" = ?[0m  [["id", 4]]
  ↳ db/seeds.rb:11
  [1m[36mCat Create (0.1ms)[0m  [1m[32mINSERT INTO "cats" ("birth_date", "color", "name", "sex", "description", "created_at", "updated_at") VALUES (?, ?, ?, ?, ?, ?, ?)[0m  [["birth_date", "2019-10-15"], ["color", "brown"], ["name", "Jasper"], ["sex", "M"], ["description", "cool cat"], ["created_at", "2022-02-04 23:43:01.819860"], ["updated_at", "2022-02-04 23:43:01.819860"]]
  ↳ db/seeds.rb:21
  [1m[35m (11.0ms)[0m  [1m[36mcommit transaction[0m
  ↳ db/seeds.rb:9
  [1m[36mCat Load (0.3ms)[0m  [1m[34mSELECT  "cats".* FROM "cats" LIMIT ?[0m  [["LIMIT", 11]]
  [1m[35m (0.1ms)[0m  [1m[34mSELECT "schema_migrations"."version" FROM "schema_migrations" ORDER BY "schema_migrations"."version" ASC[0m
  ↳ bin/rails:9
  [1m[35m (0.0ms)[0m  [1m[36mbegin transaction[0m
  ↳ db/seeds.rb:9
  [1m[36mCat Load (0.1ms)[0m  [1m[34mSELECT "cats".* FROM "cats"[0m
  ↳ db/seeds.rb:11
  [1m[36mCat Destroy (0.8ms)[0m  [1m[31mDELETE FROM "cats" WHERE "cats"."id" = ?[0m  [["id", 5]]
  ↳ db/seeds.rb:11
  [1m[36mCat Create (0.2ms)[0m  [1m[32mINSERT INTO "cats" ("birth_date", "color", "name", "sex", "description", "created_at", "updated_at") VALUES (?, ?, ?, ?, ?, ?, ?)[0m  [["birth_date", "2019-10-15"], ["color", "brown"], ["name", "Jasper"], ["sex", "M"], ["description", "cool cat"], ["created_at", "2022-02-04 23:44:03.847383"], ["updated_at", "2022-02-04 23:44:03.847383"]]
  ↳ db/seeds.rb:21
  [1m[36mCat Create (0.1ms)[0m  [1m[32mINSERT INTO "cats" ("birth_date", "color", "name", "sex", "description", "created_at", "updated_at") VALUES (?, ?, ?, ?, ?, ?, ?)[0m  [["birth_date", "2018-10-15"], ["color", "white"], ["name", "Paulo"], ["sex", "M"], ["description", "actually a goat"], ["created_at", "2022-02-04 23:44:03.848317"], ["updated_at", "2022-02-04 23:44:03.848317"]]
  ↳ db/seeds.rb:22
  [1m[36mCat Create (0.1ms)[0m  [1m[32mINSERT INTO "cats" ("birth_date", "color", "name", "sex", "description", "created_at", "updated_at") VALUES (?, ?, ?, ?, ?, ?, ?)[0m  [["birth_date", "2017-10-15"], ["color", "black"], ["name", "Elmo"], ["sex", "M"], ["description", "from Sesame Street"], ["created_at", "2022-02-04 23:44:03.848916"], ["updated_at", "2022-02-04 23:44:03.848916"]]
  ↳ db/seeds.rb:23
  [1m[36mCat Create (0.1ms)[0m  [1m[32mINSERT INTO "cats" ("birth_date", "color", "name", "sex", "description", "created_at", "updated_at") VALUES (?, ?, ?, ?, ?, ?, ?)[0m  [["birth_date", "2016-10-15"], ["color", "gray"], ["name", "Whiskers"], ["sex", "F"], ["description", "jellicle cats"], ["created_at", "2022-02-04 23:44:03.849476"], ["updated_at", "2022-02-04 23:44:03.849476"]]
  ↳ db/seeds.rb:24
  [1m[36mCat Create (0.1ms)[0m  [1m[32mINSERT INTO "cats" ("birth_date", "color", "name", "sex", "description", "created_at", "updated_at") VALUES (?, ?, ?, ?, ?, ?, ?)[0m  [["birth_date", "2015-10-15"], ["color", "brown"], ["name", "Fritz"], ["sex", "F"], ["description", "rad cat"], ["created_at", "2022-02-04 23:44:03.850153"], ["updated_at", "2022-02-04 23:44:03.850153"]]
  ↳ db/seeds.rb:25
  [1m[36mCat Create (0.2ms)[0m  [1m[32mINSERT INTO "cats" ("birth_date", "color", "name", "sex", "description", "created_at", "updated_at") VALUES (?, ?, ?, ?, ?, ?, ?)[0m  [["birth_date", "2014-10-15"], ["color", "white"], ["name", "Jet"], ["sex", "F"], ["description", "appears on assessments"], ["created_at", "2022-02-04 23:44:03.851012"], ["updated_at", "2022-02-04 23:44:03.851012"]]
  ↳ db/seeds.rb:26
  [1m[35m (11.3ms)[0m  [1m[36mcommit transaction[0m
  ↳ db/seeds.rb:9
Started GET "/cats" for ::1 at 2022-02-04 18:44:31 -0500
  [1m[35m (0.2ms)[0m  [1m[34mSELECT "schema_migrations"."version" FROM "schema_migrations" ORDER BY "schema_migrations"."version" ASC[0m
  ↳ /home/peterkim/.rbenv/versions/2.5.1/lib/ruby/gems/2.5.0/gems/activerecord-5.2.6/lib/active_record/log_subscriber.rb:98
Processing by CatsController#index as */*
  Rendering cats/index.html.erb within layouts/application
  [1m[36mCat Load (0.8ms)[0m  [1m[34mSELECT "cats".* FROM "cats"[0m
  ↳ app/views/cats/index.html.erb:3
  Rendered cats/_cat.html.erb (1.3ms)
  Rendered cats/_cat.html.erb (0.1ms)
  Rendered cats/_cat.html.erb (0.1ms)
  Rendered cats/_cat.html.erb (0.3ms)
  Rendered cats/_cat.html.erb (0.2ms)
  Rendered cats/_cat.html.erb (0.2ms)
  Rendered cats/index.html.erb within layouts/application (66.0ms)
Completed 200 OK in 341ms (Views: 326.9ms | ActiveRecord: 3.0ms)


